<?xml version="1.0" encoding="UTF-8"?>
<!-- Generated by org.testng.reporters.JUnitReportReporter -->
<testsuite hostname="DESKTOP-3NA7FK2" name="demo.Sample" tests="3" failures="0" timestamp="18 Dec 2020 07:20:38 GMT" time="0.016" errors="0">
  <testcase name="test2" time="0.000" classname="demo.Sample"/>
  <testcase name="test1" time="0.012" classname="demo.Sample"/>
  <testcase name="test3" time="0.004" classname="demo.Sample"/>
</testsuite> <!-- demo.Sample -->
