<?xml version="1.0" encoding="UTF-8"?>
<!-- Generated by org.testng.reporters.JUnitReportReporter -->
<testsuite hostname="DESKTOP-3NA7FK2" name="demo.TestngdependenciesDemo" tests="3" failures="0" timestamp="16 Dec 2020 10:39:10 GMT" time="0.054" errors="0">
  <testcase name="test3" time="0.002" classname="demo.TestngdependenciesDemo"/>
  <testcase name="test1" time="0.005" classname="demo.TestngdependenciesDemo"/>
  <testcase name="test2" time="0.047" classname="demo.TestngdependenciesDemo"/>
</testsuite> <!-- demo.TestngdependenciesDemo -->
