<?xml version="1.0" encoding="UTF-8"?>
<!-- Generated by org.testng.reporters.JUnitReportReporter -->
<testsuite hostname="DESKTOP-3NA7FK2" name="demo.TestngmultiBrowserDemo" tests="2" failures="0" timestamp="16 Dec 2020 07:47:37 GMT" time="13.756" errors="0">
  <testcase name="test" time="5.801" classname="demo.TestngmultiBrowserDemo"/>
  <testcase name="test" time="7.955" classname="demo.TestngmultiBrowserDemo"/>
</testsuite> <!-- demo.TestngmultiBrowserDemo -->
