<?xml version="1.0" encoding="UTF-8"?>
<!-- Generated by org.testng.reporters.JUnitReportReporter -->
<testsuite hostname="DESKTOP-3NA7FK2" name="demo.TestngParameterdemo" tests="1" failures="0" timestamp="16 Dec 2020 09:58:36 GMT" time="0.016" errors="0">
  <testcase name="test1" time="0.016" classname="demo.TestngParameterdemo"/>
</testsuite> <!-- demo.TestngParameterdemo -->
