<?xml version="1.0" encoding="UTF-8"?>
<!-- Generated by org.testng.reporters.JUnitReportReporter -->
<testsuite hostname="DESKTOP-3NA7FK2" name="demo.TestngGroupsDemo" tests="2" failures="0" timestamp="16 Dec 2020 09:36:01 GMT" time="0.008" errors="0">
  <testcase name="test1" time="0.008" classname="demo.TestngGroupsDemo"/>
  <testcase name="test2" time="0.000" classname="demo.TestngGroupsDemo"/>
</testsuite> <!-- demo.TestngGroupsDemo -->
