<?xml version="1.0" encoding="UTF-8"?>
<!-- Generated by org.testng.reporters.JUnitReportReporter -->
<testsuite hostname="DESKTOP-3NA7FK2" name="demo.TestngPriorityDemo" tests="3" failures="0" timestamp="16 Dec 2020 12:10:30 GMT" time="0.036" errors="0">
  <testcase name="test2" time="0.020" classname="demo.TestngPriorityDemo"/>
  <testcase name="test1" time="0.000" classname="demo.TestngPriorityDemo"/>
  <testcase name="test3" time="0.016" classname="demo.TestngPriorityDemo"/>
</testsuite> <!-- demo.TestngPriorityDemo -->
