<?xml version="1.0" encoding="UTF-8"?>
<!-- Generated by org.testng.reporters.JUnitReportReporter -->
<testsuite hostname="DESKTOP-3NA7FK2" name="browsertest.Testngdemo" tests="1" failures="0" timestamp="14 Dec 2020 08:01:33 GMT" time="7.529" errors="0">
  <testcase name="googlesearch" time="7.529" classname="browsertest.Testngdemo"/>
</testsuite> <!-- browsertest.Testngdemo -->
