<?xml version="1.0" encoding="UTF-8"?>
<!-- Generated by org.testng.reporters.JUnitReportReporter -->
<testsuite hostname="DESKTOP-3NA7FK2" name="browsertest.extentreportdemowithtestng" tests="1" failures="0" timestamp="11 Dec 2020 12:27:34 GMT" time="1.984" errors="0">
  <testcase name="test1" time="1.984" classname="browsertest.extentreportdemowithtestng"/>
</testsuite> <!-- browsertest.extentreportdemowithtestng -->
