<?xml version="1.0" encoding="UTF-8"?>
<!-- Generated by org.testng.reporters.JUnitReportReporter -->
<testsuite hostname="DESKTOP-3NA7FK2" name="browsertest.Googlesearchpagefinishtestng" tests="1" failures="0" timestamp="16 Dec 2020 09:25:21 GMT" time="5.093" errors="0">
  <testcase name="googlesearch" time="5.093" classname="browsertest.Googlesearchpagefinishtestng"/>
</testsuite> <!-- browsertest.Googlesearchpagefinishtestng -->
