<?xml version="1.0" encoding="UTF-8"?>
<!-- Generated by org.testng.reporters.JUnitReportReporter -->
<testsuite hostname="DESKTOP-3NA7FK2" name="demo.TestNGIgnoreDemo" tests="3" failures="0" timestamp="16 Dec 2020 12:01:40 GMT" time="0.018" errors="0">
  <testcase name="test1" time="0.013" classname="demo.TestNGIgnoreDemo"/>
  <testcase name="test3" time="0.002" classname="demo.TestNGIgnoreDemo"/>
  <testcase name="test2" time="0.003" classname="demo.TestNGIgnoreDemo"/>
</testsuite> <!-- demo.TestNGIgnoreDemo -->
